{"message":"Listening on port 2000...","level":"info"}
{"message":"Listening on port 2000...","level":"info"}
{"level":"error","message":"Joi.validate is not a function Joi.validate is not a function","stack":"TypeError: Joi.validate is not a function\n    at Object.validateRule [as validate] (C:\\Users\\p7943\\Desktop\\My-Codes\\Flutterwave\\models\\rule.js:10:14)\n    at C:\\Users\\p7943\\Desktop\\My-Codes\\Flutterwave\\controllers\\rule-validation.js:15:33\n    at newFn (C:\\Users\\p7943\\Desktop\\My-Codes\\Flutterwave\\node_modules\\express-async-errors\\index.js:16:20)\n    at Layer.handle [as handle_request] (C:\\Users\\p7943\\Desktop\\My-Codes\\Flutterwave\\node_modules\\express\\lib\\router\\layer.js:95:5)\n    at next (C:\\Users\\p7943\\Desktop\\My-Codes\\Flutterwave\\node_modules\\express\\lib\\router\\route.js:137:13)\n    at Route.dispatch (C:\\Users\\p7943\\Desktop\\My-Codes\\Flutterwave\\node_modules\\express\\lib\\router\\route.js:112:3)\n    at newFn (C:\\Users\\p7943\\Desktop\\My-Codes\\Flutterwave\\node_modules\\express-async-errors\\index.js:16:20)\n    at Layer.handle [as handle_request] (C:\\Users\\p7943\\Desktop\\My-Codes\\Flutterwave\\node_modules\\express\\lib\\router\\layer.js:95:5)\n    at C:\\Users\\p7943\\Desktop\\My-Codes\\Flutterwave\\node_modules\\express\\lib\\router\\index.js:281:22\n    at Function.process_params (C:\\Users\\p7943\\Desktop\\My-Codes\\Flutterwave\\node_modules\\express\\lib\\router\\index.js:335:12)"}
{"message":"Listening on port 2000...","level":"info"}
{"level":"error","message":"schema.validate is not a function schema.validate is not a function","stack":"TypeError: schema.validate is not a function\n    at Object.validateRule [as validate] (C:\\Users\\p7943\\Desktop\\My-Codes\\Flutterwave\\models\\rule.js:10:17)\n    at C:\\Users\\p7943\\Desktop\\My-Codes\\Flutterwave\\controllers\\rule-validation.js:15:33\n    at newFn (C:\\Users\\p7943\\Desktop\\My-Codes\\Flutterwave\\node_modules\\express-async-errors\\index.js:16:20)\n    at Layer.handle [as handle_request] (C:\\Users\\p7943\\Desktop\\My-Codes\\Flutterwave\\node_modules\\express\\lib\\router\\layer.js:95:5)\n    at next (C:\\Users\\p7943\\Desktop\\My-Codes\\Flutterwave\\node_modules\\express\\lib\\router\\route.js:137:13)\n    at Route.dispatch (C:\\Users\\p7943\\Desktop\\My-Codes\\Flutterwave\\node_modules\\express\\lib\\router\\route.js:112:3)\n    at newFn (C:\\Users\\p7943\\Desktop\\My-Codes\\Flutterwave\\node_modules\\express-async-errors\\index.js:16:20)\n    at Layer.handle [as handle_request] (C:\\Users\\p7943\\Desktop\\My-Codes\\Flutterwave\\node_modules\\express\\lib\\router\\layer.js:95:5)\n    at C:\\Users\\p7943\\Desktop\\My-Codes\\Flutterwave\\node_modules\\express\\lib\\router\\index.js:281:22\n    at Function.process_params (C:\\Users\\p7943\\Desktop\\My-Codes\\Flutterwave\\node_modules\\express\\lib\\router\\index.js:335:12)"}
{"message":"Listening on port 2000...","level":"info"}
{"message":"Listening on port 2000...","level":"info"}
{"message":"Listening on port 2000...","level":"info"}
{"message":"Listening on port 2000...","level":"info"}
{"message":"Listening on port 2000...","level":"info"}
{"message":"Listening on port 2000...","level":"info"}
{"level":"error","message":"Cannot read property '0' of undefined Cannot read property '0' of undefined","stack":"TypeError: Cannot read property '0' of undefined\n    at Object.exports.getMissingFields (C:\\Users\\p7943\\Desktop\\My-Codes\\Flutterwave\\utils\\functions.js:12:43)\n    at C:\\Users\\p7943\\Desktop\\My-Codes\\Flutterwave\\controllers\\rule-validation.js:17:37\n    at newFn (C:\\Users\\p7943\\Desktop\\My-Codes\\Flutterwave\\node_modules\\express-async-errors\\index.js:16:20)\n    at Layer.handle [as handle_request] (C:\\Users\\p7943\\Desktop\\My-Codes\\Flutterwave\\node_modules\\express\\lib\\router\\layer.js:95:5)\n    at next (C:\\Users\\p7943\\Desktop\\My-Codes\\Flutterwave\\node_modules\\express\\lib\\router\\route.js:137:13)\n    at Route.dispatch (C:\\Users\\p7943\\Desktop\\My-Codes\\Flutterwave\\node_modules\\express\\lib\\router\\route.js:112:3)\n    at newFn (C:\\Users\\p7943\\Desktop\\My-Codes\\Flutterwave\\node_modules\\express-async-errors\\index.js:16:20)\n    at Layer.handle [as handle_request] (C:\\Users\\p7943\\Desktop\\My-Codes\\Flutterwave\\node_modules\\express\\lib\\router\\layer.js:95:5)\n    at C:\\Users\\p7943\\Desktop\\My-Codes\\Flutterwave\\node_modules\\express\\lib\\router\\index.js:281:22\n    at Function.process_params (C:\\Users\\p7943\\Desktop\\My-Codes\\Flutterwave\\node_modules\\express\\lib\\router\\index.js:335:12)"}
{"message":"Listening on port 2000...","level":"info"}
{"level":"error","message":"Cannot read property '0' of undefined Cannot read property '0' of undefined","stack":"TypeError: Cannot read property '0' of undefined\n    at Object.exports.getMissingFields (C:\\Users\\p7943\\Desktop\\My-Codes\\Flutterwave\\utils\\functions.js:13:43)\n    at C:\\Users\\p7943\\Desktop\\My-Codes\\Flutterwave\\controllers\\rule-validation.js:17:37\n    at newFn (C:\\Users\\p7943\\Desktop\\My-Codes\\Flutterwave\\node_modules\\express-async-errors\\index.js:16:20)\n    at Layer.handle [as handle_request] (C:\\Users\\p7943\\Desktop\\My-Codes\\Flutterwave\\node_modules\\express\\lib\\router\\layer.js:95:5)\n    at next (C:\\Users\\p7943\\Desktop\\My-Codes\\Flutterwave\\node_modules\\express\\lib\\router\\route.js:137:13)\n    at Route.dispatch (C:\\Users\\p7943\\Desktop\\My-Codes\\Flutterwave\\node_modules\\express\\lib\\router\\route.js:112:3)\n    at newFn (C:\\Users\\p7943\\Desktop\\My-Codes\\Flutterwave\\node_modules\\express-async-errors\\index.js:16:20)\n    at Layer.handle [as handle_request] (C:\\Users\\p7943\\Desktop\\My-Codes\\Flutterwave\\node_modules\\express\\lib\\router\\layer.js:95:5)\n    at C:\\Users\\p7943\\Desktop\\My-Codes\\Flutterwave\\node_modules\\express\\lib\\router\\index.js:281:22\n    at Function.process_params (C:\\Users\\p7943\\Desktop\\My-Codes\\Flutterwave\\node_modules\\express\\lib\\router\\index.js:335:12)"}
{"message":"Listening on port 2000...","level":"info"}
{"level":"error","message":"Cannot read property '0' of undefined Cannot read property '0' of undefined","stack":"TypeError: Cannot read property '0' of undefined\n    at Object.exports.getMissingFields (C:\\Users\\p7943\\Desktop\\My-Codes\\Flutterwave\\utils\\functions.js:14:43)\n    at C:\\Users\\p7943\\Desktop\\My-Codes\\Flutterwave\\controllers\\rule-validation.js:17:37\n    at newFn (C:\\Users\\p7943\\Desktop\\My-Codes\\Flutterwave\\node_modules\\express-async-errors\\index.js:16:20)\n    at Layer.handle [as handle_request] (C:\\Users\\p7943\\Desktop\\My-Codes\\Flutterwave\\node_modules\\express\\lib\\router\\layer.js:95:5)\n    at next (C:\\Users\\p7943\\Desktop\\My-Codes\\Flutterwave\\node_modules\\express\\lib\\router\\route.js:137:13)\n    at Route.dispatch (C:\\Users\\p7943\\Desktop\\My-Codes\\Flutterwave\\node_modules\\express\\lib\\router\\route.js:112:3)\n    at newFn (C:\\Users\\p7943\\Desktop\\My-Codes\\Flutterwave\\node_modules\\express-async-errors\\index.js:16:20)\n    at Layer.handle [as handle_request] (C:\\Users\\p7943\\Desktop\\My-Codes\\Flutterwave\\node_modules\\express\\lib\\router\\layer.js:95:5)\n    at C:\\Users\\p7943\\Desktop\\My-Codes\\Flutterwave\\node_modules\\express\\lib\\router\\index.js:281:22\n    at Function.process_params (C:\\Users\\p7943\\Desktop\\My-Codes\\Flutterwave\\node_modules\\express\\lib\\router\\index.js:335:12)"}
{"message":"Listening on port 2000...","level":"info"}
{"level":"error","message":"Cannot read property '0' of undefined Cannot read property '0' of undefined","stack":"TypeError: Cannot read property '0' of undefined\n    at Object.exports.getMissingFields (C:\\Users\\p7943\\Desktop\\My-Codes\\Flutterwave\\utils\\functions.js:14:43)\n    at C:\\Users\\p7943\\Desktop\\My-Codes\\Flutterwave\\controllers\\rule-validation.js:17:37\n    at newFn (C:\\Users\\p7943\\Desktop\\My-Codes\\Flutterwave\\node_modules\\express-async-errors\\index.js:16:20)\n    at Layer.handle [as handle_request] (C:\\Users\\p7943\\Desktop\\My-Codes\\Flutterwave\\node_modules\\express\\lib\\router\\layer.js:95:5)\n    at next (C:\\Users\\p7943\\Desktop\\My-Codes\\Flutterwave\\node_modules\\express\\lib\\router\\route.js:137:13)\n    at Route.dispatch (C:\\Users\\p7943\\Desktop\\My-Codes\\Flutterwave\\node_modules\\express\\lib\\router\\route.js:112:3)\n    at newFn (C:\\Users\\p7943\\Desktop\\My-Codes\\Flutterwave\\node_modules\\express-async-errors\\index.js:16:20)\n    at Layer.handle [as handle_request] (C:\\Users\\p7943\\Desktop\\My-Codes\\Flutterwave\\node_modules\\express\\lib\\router\\layer.js:95:5)\n    at C:\\Users\\p7943\\Desktop\\My-Codes\\Flutterwave\\node_modules\\express\\lib\\router\\index.js:281:22\n    at Function.process_params (C:\\Users\\p7943\\Desktop\\My-Codes\\Flutterwave\\node_modules\\express\\lib\\router\\index.js:335:12)"}
{"message":"Listening on port 2000...","level":"info"}
{"level":"error","message":"Cannot read property '0' of undefined Cannot read property '0' of undefined","stack":"TypeError: Cannot read property '0' of undefined\n    at Object.exports.getMissingFields (C:\\Users\\p7943\\Desktop\\My-Codes\\Flutterwave\\utils\\functions.js:13:43)\n    at C:\\Users\\p7943\\Desktop\\My-Codes\\Flutterwave\\controllers\\rule-validation.js:17:37\n    at newFn (C:\\Users\\p7943\\Desktop\\My-Codes\\Flutterwave\\node_modules\\express-async-errors\\index.js:16:20)\n    at Layer.handle [as handle_request] (C:\\Users\\p7943\\Desktop\\My-Codes\\Flutterwave\\node_modules\\express\\lib\\router\\layer.js:95:5)\n    at next (C:\\Users\\p7943\\Desktop\\My-Codes\\Flutterwave\\node_modules\\express\\lib\\router\\route.js:137:13)\n    at Route.dispatch (C:\\Users\\p7943\\Desktop\\My-Codes\\Flutterwave\\node_modules\\express\\lib\\router\\route.js:112:3)\n    at newFn (C:\\Users\\p7943\\Desktop\\My-Codes\\Flutterwave\\node_modules\\express-async-errors\\index.js:16:20)\n    at Layer.handle [as handle_request] (C:\\Users\\p7943\\Desktop\\My-Codes\\Flutterwave\\node_modules\\express\\lib\\router\\layer.js:95:5)\n    at C:\\Users\\p7943\\Desktop\\My-Codes\\Flutterwave\\node_modules\\express\\lib\\router\\index.js:281:22\n    at Function.process_params (C:\\Users\\p7943\\Desktop\\My-Codes\\Flutterwave\\node_modules\\express\\lib\\router\\index.js:335:12)"}
{"message":"Listening on port 2000...","level":"info"}
{"level":"error","message":"Cannot read property '0' of undefined Cannot read property '0' of undefined","stack":"TypeError: Cannot read property '0' of undefined\n    at Object.exports.getMissingFields (C:\\Users\\p7943\\Desktop\\My-Codes\\Flutterwave\\utils\\functions.js:13:43)\n    at C:\\Users\\p7943\\Desktop\\My-Codes\\Flutterwave\\controllers\\rule-validation.js:17:37\n    at newFn (C:\\Users\\p7943\\Desktop\\My-Codes\\Flutterwave\\node_modules\\express-async-errors\\index.js:16:20)\n    at Layer.handle [as handle_request] (C:\\Users\\p7943\\Desktop\\My-Codes\\Flutterwave\\node_modules\\express\\lib\\router\\layer.js:95:5)\n    at next (C:\\Users\\p7943\\Desktop\\My-Codes\\Flutterwave\\node_modules\\express\\lib\\router\\route.js:137:13)\n    at Route.dispatch (C:\\Users\\p7943\\Desktop\\My-Codes\\Flutterwave\\node_modules\\express\\lib\\router\\route.js:112:3)\n    at newFn (C:\\Users\\p7943\\Desktop\\My-Codes\\Flutterwave\\node_modules\\express-async-errors\\index.js:16:20)\n    at Layer.handle [as handle_request] (C:\\Users\\p7943\\Desktop\\My-Codes\\Flutterwave\\node_modules\\express\\lib\\router\\layer.js:95:5)\n    at C:\\Users\\p7943\\Desktop\\My-Codes\\Flutterwave\\node_modules\\express\\lib\\router\\index.js:281:22\n    at Function.process_params (C:\\Users\\p7943\\Desktop\\My-Codes\\Flutterwave\\node_modules\\express\\lib\\router\\index.js:335:12)"}
{"message":"Listening on port 2000...","level":"info"}
{"message":"Listening on port 2000...","level":"info"}
{"message":"Listening on port 2000...","level":"info"}
{"message":"Listening on port 2000...","level":"info"}
{"expose":true,"statusCode":400,"status":400,"body":"{\r\n    \"rule\": {\r\n        \"field\": \"missions\",\r\n        \"condition\": \"te\",\r\n    },\r\n    \"data\": {\r\n        \"name\": \"James Holden\",\r\n        \"crew\": \"Rocinante\",\r\n        \"age\": 34,\r\n        \"position\": \"Captain\",\r\n        \"missions\": 45\r\n    }\r\n}","type":"entity.parse.failed","level":"error","message":"Unexpected token } in JSON at position 80 Unexpected token } in JSON at position 80","stack":"SyntaxError: Unexpected token } in JSON at position 80\n    at JSON.parse (<anonymous>)\n    at parse (C:\\Users\\p7943\\Desktop\\My-Codes\\Flutterwave\\node_modules\\body-parser\\lib\\types\\json.js:89:19)\n    at C:\\Users\\p7943\\Desktop\\My-Codes\\Flutterwave\\node_modules\\body-parser\\lib\\read.js:121:18\n    at invokeCallback (C:\\Users\\p7943\\Desktop\\My-Codes\\Flutterwave\\node_modules\\raw-body\\index.js:224:16)\n    at done (C:\\Users\\p7943\\Desktop\\My-Codes\\Flutterwave\\node_modules\\raw-body\\index.js:213:7)\n    at IncomingMessage.onEnd (C:\\Users\\p7943\\Desktop\\My-Codes\\Flutterwave\\node_modules\\raw-body\\index.js:273:7)\n    at IncomingMessage.emit (events.js:314:20)\n    at endReadableNT (_stream_readable.js:1223:12)\n    at processTicksAndRejections (internal/process/task_queues.js:84:21)"}
{"message":"Listening on port 2000...","level":"info"}
{"message":"Listening on port 2000...","level":"info"}
{"message":"Listening on port 2000...","level":"info"}
{"message":"Listening on port 2000...","level":"info"}
{"message":"Listening on port 2000...","level":"info"}
{"message":"Listening on port 2000...","level":"info"}
{"level":"error","message":"Cannot access 'conditionNotValid' before initialization Cannot access 'conditionNotValid' before initialization","stack":"ReferenceError: Cannot access 'conditionNotValid' before initialization\n    at C:\\Users\\p7943\\Desktop\\My-Codes\\Flutterwave\\controllers\\rule-validation.js:16:17\n    at newFn (C:\\Users\\p7943\\Desktop\\My-Codes\\Flutterwave\\node_modules\\express-async-errors\\index.js:16:20)\n    at Layer.handle [as handle_request] (C:\\Users\\p7943\\Desktop\\My-Codes\\Flutterwave\\node_modules\\express\\lib\\router\\layer.js:95:5)\n    at next (C:\\Users\\p7943\\Desktop\\My-Codes\\Flutterwave\\node_modules\\express\\lib\\router\\route.js:137:13)\n    at Route.dispatch (C:\\Users\\p7943\\Desktop\\My-Codes\\Flutterwave\\node_modules\\express\\lib\\router\\route.js:112:3)\n    at newFn (C:\\Users\\p7943\\Desktop\\My-Codes\\Flutterwave\\node_modules\\express-async-errors\\index.js:16:20)\n    at Layer.handle [as handle_request] (C:\\Users\\p7943\\Desktop\\My-Codes\\Flutterwave\\node_modules\\express\\lib\\router\\layer.js:95:5)\n    at C:\\Users\\p7943\\Desktop\\My-Codes\\Flutterwave\\node_modules\\express\\lib\\router\\index.js:281:22\n    at Function.process_params (C:\\Users\\p7943\\Desktop\\My-Codes\\Flutterwave\\node_modules\\express\\lib\\router\\index.js:335:12)\n    at next (C:\\Users\\p7943\\Desktop\\My-Codes\\Flutterwave\\node_modules\\express\\lib\\router\\index.js:275:10)"}
{"message":"Listening on port 2000...","level":"info"}
{"message":"Listening on port 2000...","level":"info"}
{"message":"Listening on port 2000...","level":"info"}
{"message":"Listening on port 2000...","level":"info"}
{"message":"Listening on port 2000...","level":"info"}
{"message":"Listening on port 2000...","level":"info"}
{"message":"Listening on port 2000...","level":"info"}
{"message":"Listening on port 2000...","level":"info"}
{"message":"Listening on port 2000...","level":"info"}
{"message":"Listening on port 2000...","level":"info"}
{"message":"Listening on port 2000...","level":"info"}
{"message":"Listening on port 2000...","level":"info"}
{"message":"Listening on port 2000...","level":"info"}
{"message":"Listening on port 2000...","level":"info"}
{"message":"Listening on port 2000...","level":"info"}
{"message":"Listening on port 2000...","level":"info"}
{"message":"Listening on port 2000...","level":"info"}
{"message":"Listening on port 2000...","level":"info"}
{"message":"Listening on port 2000...","level":"info"}
{"message":"Listening on port 2000...","level":"info"}
{"message":"Listening on port 2000...","level":"info"}
{"message":"Listening on port 2000...","level":"info"}
{"message":"Listening on port 2000...","level":"info"}
{"level":"error","message":"Cannot access 'rule' before initialization Cannot access 'rule' before initialization","stack":"ReferenceError: Cannot access 'rule' before initialization\n    at C:\\Users\\p7943\\Desktop\\My-Codes\\Flutterwave\\controllers\\rule-validation.js:10:26\n    at newFn (C:\\Users\\p7943\\Desktop\\My-Codes\\Flutterwave\\node_modules\\express-async-errors\\index.js:16:20)\n    at Layer.handle [as handle_request] (C:\\Users\\p7943\\Desktop\\My-Codes\\Flutterwave\\node_modules\\express\\lib\\router\\layer.js:95:5)\n    at next (C:\\Users\\p7943\\Desktop\\My-Codes\\Flutterwave\\node_modules\\express\\lib\\router\\route.js:137:13)\n    at Route.dispatch (C:\\Users\\p7943\\Desktop\\My-Codes\\Flutterwave\\node_modules\\express\\lib\\router\\route.js:112:3)\n    at newFn (C:\\Users\\p7943\\Desktop\\My-Codes\\Flutterwave\\node_modules\\express-async-errors\\index.js:16:20)\n    at Layer.handle [as handle_request] (C:\\Users\\p7943\\Desktop\\My-Codes\\Flutterwave\\node_modules\\express\\lib\\router\\layer.js:95:5)\n    at C:\\Users\\p7943\\Desktop\\My-Codes\\Flutterwave\\node_modules\\express\\lib\\router\\index.js:281:22\n    at Function.process_params (C:\\Users\\p7943\\Desktop\\My-Codes\\Flutterwave\\node_modules\\express\\lib\\router\\index.js:335:12)\n    at next (C:\\Users\\p7943\\Desktop\\My-Codes\\Flutterwave\\node_modules\\express\\lib\\router\\index.js:275:10)"}
{"message":"Listening on port 2000...","level":"info"}
{"message":"Listening on port 2000...","level":"info"}
{"message":"Listening on port 2000...","level":"info"}
{"message":"Listening on port 2000...","level":"info"}
{"message":"Listening on port 2000...","level":"info"}
{"message":"Listening on port 2000...","level":"info"}
{"message":"Listening on port 2000...","level":"info"}
{"message":"Listening on port 2000...","level":"info"}
{"level":"error","message":"Cannot read property 'value' of undefined Cannot read property 'value' of undefined","stack":"TypeError: Cannot read property 'value' of undefined\n    at C:\\Users\\p7943\\Desktop\\My-Codes\\Flutterwave\\controllers\\rule-validation.js:55:74\n    at newFn (C:\\Users\\p7943\\Desktop\\My-Codes\\Flutterwave\\node_modules\\express-async-errors\\index.js:16:20)\n    at Layer.handle [as handle_request] (C:\\Users\\p7943\\Desktop\\My-Codes\\Flutterwave\\node_modules\\express\\lib\\router\\layer.js:95:5)\n    at next (C:\\Users\\p7943\\Desktop\\My-Codes\\Flutterwave\\node_modules\\express\\lib\\router\\route.js:137:13)\n    at Route.dispatch (C:\\Users\\p7943\\Desktop\\My-Codes\\Flutterwave\\node_modules\\express\\lib\\router\\route.js:112:3)\n    at newFn (C:\\Users\\p7943\\Desktop\\My-Codes\\Flutterwave\\node_modules\\express-async-errors\\index.js:16:20)\n    at Layer.handle [as handle_request] (C:\\Users\\p7943\\Desktop\\My-Codes\\Flutterwave\\node_modules\\express\\lib\\router\\layer.js:95:5)\n    at C:\\Users\\p7943\\Desktop\\My-Codes\\Flutterwave\\node_modules\\express\\lib\\router\\index.js:281:22\n    at Function.process_params (C:\\Users\\p7943\\Desktop\\My-Codes\\Flutterwave\\node_modules\\express\\lib\\router\\index.js:335:12)\n    at next (C:\\Users\\p7943\\Desktop\\My-Codes\\Flutterwave\\node_modules\\express\\lib\\router\\index.js:275:10)"}
{"message":"Listening on port 2000...","level":"info"}
{"message":"Listening on port 2000...","level":"info"}
{"message":"Listening on port 2000...","level":"info"}
{"message":"Listening on port 2000...","level":"info"}
{"message":"Listening on port 2000...","level":"info"}
{"message":"Listening on port 2000...","level":"info"}
{"expose":true,"statusCode":400,"status":400,"body":"{\r\n  \"rule\": {\r\n    \"field\": \"0\"\r\n    \"condition\": \"eq\",\r\n    \"condition_value\": \"a\"\r\n  },\r\n  \"data\": \"damien-marley\"\r\n}","type":"entity.parse.failed","level":"error","message":"Unexpected string in JSON at position 38 Unexpected string in JSON at position 38","stack":"SyntaxError: Unexpected string in JSON at position 38\n    at JSON.parse (<anonymous>)\n    at parse (C:\\Users\\p7943\\Desktop\\My-Codes\\Flutterwave\\node_modules\\body-parser\\lib\\types\\json.js:89:19)\n    at C:\\Users\\p7943\\Desktop\\My-Codes\\Flutterwave\\node_modules\\body-parser\\lib\\read.js:121:18\n    at invokeCallback (C:\\Users\\p7943\\Desktop\\My-Codes\\Flutterwave\\node_modules\\raw-body\\index.js:224:16)\n    at done (C:\\Users\\p7943\\Desktop\\My-Codes\\Flutterwave\\node_modules\\raw-body\\index.js:213:7)\n    at IncomingMessage.onEnd (C:\\Users\\p7943\\Desktop\\My-Codes\\Flutterwave\\node_modules\\raw-body\\index.js:273:7)\n    at IncomingMessage.emit (events.js:314:20)\n    at endReadableNT (_stream_readable.js:1223:12)\n    at processTicksAndRejections (internal/process/task_queues.js:84:21)"}
{"message":"Listening on port 2000...","level":"info"}
{"message":"Listening on port 2000...","level":"info"}
{"message":"Listening on port 2000...","level":"info"}
{"message":"Listening on port 2000...","level":"info"}
{"message":"Listening on port 2000...","level":"info"}
{"expose":true,"statusCode":400,"status":400,"body":"{\r\n  \"rule\": {\r\n    \"field\": \"missions.count\"\r\n    \"condition\": \"gte\",\r\n    \"condition_value\": 30\r\n  },\r\n  \"data\": {\r\n    \"name\": \"James Holden\",\r\n    \"crew\": \"Rocinante\",\r\n    \"age\": 34,\r\n    \"position\": \"Captain\",\r\n    \"missions\": {\r\n      count: 45,\r\n      successful: 44,\r\n      failed: 1\r\n    }\r\n  }\r\n}\r\n","type":"entity.parse.failed","level":"error","message":"Unexpected string in JSON at position 51 Unexpected string in JSON at position 51","stack":"SyntaxError: Unexpected string in JSON at position 51\n    at JSON.parse (<anonymous>)\n    at parse (C:\\Users\\p7943\\Desktop\\My-Codes\\Flutterwave\\node_modules\\body-parser\\lib\\types\\json.js:89:19)\n    at C:\\Users\\p7943\\Desktop\\My-Codes\\Flutterwave\\node_modules\\body-parser\\lib\\read.js:121:18\n    at invokeCallback (C:\\Users\\p7943\\Desktop\\My-Codes\\Flutterwave\\node_modules\\raw-body\\index.js:224:16)\n    at done (C:\\Users\\p7943\\Desktop\\My-Codes\\Flutterwave\\node_modules\\raw-body\\index.js:213:7)\n    at IncomingMessage.onEnd (C:\\Users\\p7943\\Desktop\\My-Codes\\Flutterwave\\node_modules\\raw-body\\index.js:273:7)\n    at IncomingMessage.emit (events.js:314:20)\n    at endReadableNT (_stream_readable.js:1223:12)\n    at processTicksAndRejections (internal/process/task_queues.js:84:21)"}
{"expose":true,"statusCode":400,"status":400,"body":"{\r\n  \"rule\": {\r\n    \"field\": \"missions.count\",\r\n    \"condition\": \"gte\",\r\n    \"condition_value\": 30\r\n  },\r\n  \"data\": {\r\n    \"name\": \"James Holden\",\r\n    \"crew\": \"Rocinante\",\r\n    \"age\": 34,\r\n    \"position\": \"Captain\",\r\n    \"missions\": {\r\n      count: 45,\r\n      successful: 44,\r\n      failed: 1\r\n    }\r\n  }\r\n}\r\n","type":"entity.parse.failed","level":"error","message":"Unexpected token c in JSON at position 243 Unexpected token c in JSON at position 243","stack":"SyntaxError: Unexpected token c in JSON at position 243\n    at JSON.parse (<anonymous>)\n    at parse (C:\\Users\\p7943\\Desktop\\My-Codes\\Flutterwave\\node_modules\\body-parser\\lib\\types\\json.js:89:19)\n    at C:\\Users\\p7943\\Desktop\\My-Codes\\Flutterwave\\node_modules\\body-parser\\lib\\read.js:121:18\n    at invokeCallback (C:\\Users\\p7943\\Desktop\\My-Codes\\Flutterwave\\node_modules\\raw-body\\index.js:224:16)\n    at done (C:\\Users\\p7943\\Desktop\\My-Codes\\Flutterwave\\node_modules\\raw-body\\index.js:213:7)\n    at IncomingMessage.onEnd (C:\\Users\\p7943\\Desktop\\My-Codes\\Flutterwave\\node_modules\\raw-body\\index.js:273:7)\n    at IncomingMessage.emit (events.js:314:20)\n    at endReadableNT (_stream_readable.js:1223:12)\n    at processTicksAndRejections (internal/process/task_queues.js:84:21)"}
{"message":"Listening on port 2000...","level":"info"}
{"message":"Listening on port 2000...","level":"info"}
{"level":"info","message":"number"}
{"message":"Listening on port 2000...","level":"info"}
{"message":"number number","level":"info"}
{"message":"Listening on port 2000...","level":"info"}
{"message":"number number","level":"info"}
{"message":"Listening on port 2000...","level":"info"}
{"message":"number number","level":"info"}
{"message":"Listening on port 2000...","level":"info"}
{"message":"Listening on port 2000...","level":"info"}
{"message":"Listening on port 2000...","level":"info"}
{"message":"Listening on port 2000...","level":"info"}
{"message":"Listening on port 2000...","level":"info"}
{"message":"Listening on port 2000...","level":"info"}
{"message":"Listening on port 2000...","level":"info"}
{"message":"Listening on port 2000...","level":"info"}
{"message":"Listening on port 2000...","level":"info"}
{"message":"Listening on port 2000...","level":"info"}
{"message":"Listening on port 2000...","level":"info"}
{"message":"Listening on port 2000...","level":"info"}
{"message":"Listening on port 2000...","level":"info"}
{"message":"Listening on port 2000...","level":"info"}
{"message":"Listening on port 2000...","level":"info"}
{"message":"Listening on port 2000...","level":"info"}
{"message":"Listening on port 2000...","level":"info"}
{"level":"error","message":"Cannot read property 'match' of undefined Cannot read property 'match' of undefined","stack":"TypeError: Cannot read property 'match' of undefined\n    at C:\\Users\\p7943\\Desktop\\My-Codes\\Flutterwave\\controllers\\rule-validation.js:17:38\n    at newFn (C:\\Users\\p7943\\Desktop\\My-Codes\\Flutterwave\\node_modules\\express-async-errors\\index.js:16:20)\n    at Layer.handle [as handle_request] (C:\\Users\\p7943\\Desktop\\My-Codes\\Flutterwave\\node_modules\\express\\lib\\router\\layer.js:95:5)\n    at next (C:\\Users\\p7943\\Desktop\\My-Codes\\Flutterwave\\node_modules\\express\\lib\\router\\route.js:137:13)\n    at Route.dispatch (C:\\Users\\p7943\\Desktop\\My-Codes\\Flutterwave\\node_modules\\express\\lib\\router\\route.js:112:3)\n    at newFn (C:\\Users\\p7943\\Desktop\\My-Codes\\Flutterwave\\node_modules\\express-async-errors\\index.js:16:20)\n    at Layer.handle [as handle_request] (C:\\Users\\p7943\\Desktop\\My-Codes\\Flutterwave\\node_modules\\express\\lib\\router\\layer.js:95:5)\n    at C:\\Users\\p7943\\Desktop\\My-Codes\\Flutterwave\\node_modules\\express\\lib\\router\\index.js:281:22\n    at Function.process_params (C:\\Users\\p7943\\Desktop\\My-Codes\\Flutterwave\\node_modules\\express\\lib\\router\\index.js:335:12)\n    at next (C:\\Users\\p7943\\Desktop\\My-Codes\\Flutterwave\\node_modules\\express\\lib\\router\\index.js:275:10)"}
{"level":"error","message":"Cannot read property 'match' of undefined Cannot read property 'match' of undefined","stack":"TypeError: Cannot read property 'match' of undefined\n    at C:\\Users\\p7943\\Desktop\\My-Codes\\Flutterwave\\controllers\\rule-validation.js:17:38\n    at newFn (C:\\Users\\p7943\\Desktop\\My-Codes\\Flutterwave\\node_modules\\express-async-errors\\index.js:16:20)\n    at Layer.handle [as handle_request] (C:\\Users\\p7943\\Desktop\\My-Codes\\Flutterwave\\node_modules\\express\\lib\\router\\layer.js:95:5)\n    at next (C:\\Users\\p7943\\Desktop\\My-Codes\\Flutterwave\\node_modules\\express\\lib\\router\\route.js:137:13)\n    at Route.dispatch (C:\\Users\\p7943\\Desktop\\My-Codes\\Flutterwave\\node_modules\\express\\lib\\router\\route.js:112:3)\n    at newFn (C:\\Users\\p7943\\Desktop\\My-Codes\\Flutterwave\\node_modules\\express-async-errors\\index.js:16:20)\n    at Layer.handle [as handle_request] (C:\\Users\\p7943\\Desktop\\My-Codes\\Flutterwave\\node_modules\\express\\lib\\router\\layer.js:95:5)\n    at C:\\Users\\p7943\\Desktop\\My-Codes\\Flutterwave\\node_modules\\express\\lib\\router\\index.js:281:22\n    at Function.process_params (C:\\Users\\p7943\\Desktop\\My-Codes\\Flutterwave\\node_modules\\express\\lib\\router\\index.js:335:12)\n    at next (C:\\Users\\p7943\\Desktop\\My-Codes\\Flutterwave\\node_modules\\express\\lib\\router\\index.js:275:10)"}
{"message":"Listening on port 2000...","level":"info"}
{"level":"error","message":"Cannot read property 'match' of undefined Cannot read property 'match' of undefined","stack":"TypeError: Cannot read property 'match' of undefined\n    at C:\\Users\\p7943\\Desktop\\My-Codes\\Flutterwave\\controllers\\rule-validation.js:15:38\n    at newFn (C:\\Users\\p7943\\Desktop\\My-Codes\\Flutterwave\\node_modules\\express-async-errors\\index.js:16:20)\n    at Layer.handle [as handle_request] (C:\\Users\\p7943\\Desktop\\My-Codes\\Flutterwave\\node_modules\\express\\lib\\router\\layer.js:95:5)\n    at next (C:\\Users\\p7943\\Desktop\\My-Codes\\Flutterwave\\node_modules\\express\\lib\\router\\route.js:137:13)\n    at Route.dispatch (C:\\Users\\p7943\\Desktop\\My-Codes\\Flutterwave\\node_modules\\express\\lib\\router\\route.js:112:3)\n    at newFn (C:\\Users\\p7943\\Desktop\\My-Codes\\Flutterwave\\node_modules\\express-async-errors\\index.js:16:20)\n    at Layer.handle [as handle_request] (C:\\Users\\p7943\\Desktop\\My-Codes\\Flutterwave\\node_modules\\express\\lib\\router\\layer.js:95:5)\n    at C:\\Users\\p7943\\Desktop\\My-Codes\\Flutterwave\\node_modules\\express\\lib\\router\\index.js:281:22\n    at Function.process_params (C:\\Users\\p7943\\Desktop\\My-Codes\\Flutterwave\\node_modules\\express\\lib\\router\\index.js:335:12)\n    at next (C:\\Users\\p7943\\Desktop\\My-Codes\\Flutterwave\\node_modules\\express\\lib\\router\\index.js:275:10)"}
{"message":"Listening on port 2000...","level":"info"}
{"level":"error","message":"Cannot read property 'match' of undefined Cannot read property 'match' of undefined","stack":"TypeError: Cannot read property 'match' of undefined\n    at C:\\Users\\p7943\\Desktop\\My-Codes\\Flutterwave\\controllers\\rule-validation.js:15:38\n    at newFn (C:\\Users\\p7943\\Desktop\\My-Codes\\Flutterwave\\node_modules\\express-async-errors\\index.js:16:20)\n    at Layer.handle [as handle_request] (C:\\Users\\p7943\\Desktop\\My-Codes\\Flutterwave\\node_modules\\express\\lib\\router\\layer.js:95:5)\n    at next (C:\\Users\\p7943\\Desktop\\My-Codes\\Flutterwave\\node_modules\\express\\lib\\router\\route.js:137:13)\n    at Route.dispatch (C:\\Users\\p7943\\Desktop\\My-Codes\\Flutterwave\\node_modules\\express\\lib\\router\\route.js:112:3)\n    at newFn (C:\\Users\\p7943\\Desktop\\My-Codes\\Flutterwave\\node_modules\\express-async-errors\\index.js:16:20)\n    at Layer.handle [as handle_request] (C:\\Users\\p7943\\Desktop\\My-Codes\\Flutterwave\\node_modules\\express\\lib\\router\\layer.js:95:5)\n    at C:\\Users\\p7943\\Desktop\\My-Codes\\Flutterwave\\node_modules\\express\\lib\\router\\index.js:281:22\n    at Function.process_params (C:\\Users\\p7943\\Desktop\\My-Codes\\Flutterwave\\node_modules\\express\\lib\\router\\index.js:335:12)\n    at next (C:\\Users\\p7943\\Desktop\\My-Codes\\Flutterwave\\node_modules\\express\\lib\\router\\index.js:275:10)"}
{"level":"error","message":"Cannot read property 'match' of undefined Cannot read property 'match' of undefined","stack":"TypeError: Cannot read property 'match' of undefined\n    at C:\\Users\\p7943\\Desktop\\My-Codes\\Flutterwave\\controllers\\rule-validation.js:15:38\n    at newFn (C:\\Users\\p7943\\Desktop\\My-Codes\\Flutterwave\\node_modules\\express-async-errors\\index.js:16:20)\n    at Layer.handle [as handle_request] (C:\\Users\\p7943\\Desktop\\My-Codes\\Flutterwave\\node_modules\\express\\lib\\router\\layer.js:95:5)\n    at next (C:\\Users\\p7943\\Desktop\\My-Codes\\Flutterwave\\node_modules\\express\\lib\\router\\route.js:137:13)\n    at Route.dispatch (C:\\Users\\p7943\\Desktop\\My-Codes\\Flutterwave\\node_modules\\express\\lib\\router\\route.js:112:3)\n    at newFn (C:\\Users\\p7943\\Desktop\\My-Codes\\Flutterwave\\node_modules\\express-async-errors\\index.js:16:20)\n    at Layer.handle [as handle_request] (C:\\Users\\p7943\\Desktop\\My-Codes\\Flutterwave\\node_modules\\express\\lib\\router\\layer.js:95:5)\n    at C:\\Users\\p7943\\Desktop\\My-Codes\\Flutterwave\\node_modules\\express\\lib\\router\\index.js:281:22\n    at Function.process_params (C:\\Users\\p7943\\Desktop\\My-Codes\\Flutterwave\\node_modules\\express\\lib\\router\\index.js:335:12)\n    at next (C:\\Users\\p7943\\Desktop\\My-Codes\\Flutterwave\\node_modules\\express\\lib\\router\\index.js:275:10)"}
{"message":"Listening on port 2000...","level":"info"}
{"message":"Listening on port 2000...","level":"info"}
{"message":"Listening on port 2000...","level":"info"}
{"message":"Listening on port 2000...","level":"info"}
{"message":"Listening on port 2000...","level":"info"}
